生成启动时间为 2018/10/31 10:20:02。
     1>项目“F:\work\mydemo\MYprojectdemo\MYprojectdemo\MYprojectdemo.vcxproj”在节点 2 上(Build 个目标)。
     1>ClCompile:
         E:\Program Files (x86)\Microsoft Visual Studio 12.0\VC\bin\x86_amd64\CL.exe /c /Zi /nologo /W3 /WX- /sdl /Od /D _MBCS /Gm /EHsc /RTC1 /MDd /GS /fp:precise /Zc:wchar_t /Zc:forScope /Fo"x64\Debug\\" /Fd"x64\Debug\vc120.pdb" /Gd /TP /errorReport:prompt Hist.cpp
         Hist.cpp
     1>Hist.cpp(48): warning C4244: “参数”: 从“float”转换到“int”，可能丢失数据
     1>Hist.cpp(49): warning C4244: “参数”: 从“float”转换到“int”，可能丢失数据
     1>Hist.cpp(50): warning C4244: “参数”: 从“float”转换到“int”，可能丢失数据
     1>Hist.cpp(62): warning C4244: “初始化”: 从“int”转换到“float”，可能丢失数据
     1>f:\work\mydemo\myprojectdemo\myprojectdemo\hist.cpp(107): warning C4715: “main56”: 不是所有的控件路径都返回值
       Link:
         E:\Program Files (x86)\Microsoft Visual Studio 12.0\VC\bin\x86_amd64\link.exe /ERRORREPORT:PROMPT /OUT:"F:\work\mydemo\MYprojectdemo\x64\Debug\MYprojectdemo001.exe" /INCREMENTAL /NOLOGO opencv_objdetect249.lib opencv_ts249.lib opencv_video249.lib opencv_nonfree249.lib opencv_ocl249.lib opencv_photo249.lib opencv_stitching249.lib opencv_superres249.lib opencv_videostab249.lib opencv_calib3d249.lib opencv_contrib249.lib opencv_core249.lib opencv_features2d249.lib opencv_flann249.lib opencv_gpu249.lib opencv_highgui249.lib opencv_imgproc249.lib opencv_legacy249.lib opencv_ml249.lib kernel32.lib user32.lib gdi32.lib winspool.lib comdlg32.lib advapi32.lib shell32.lib ole32.lib oleaut32.lib uuid.lib odbc32.lib odbccp32.lib /MANIFEST /MANIFESTUAC:"level='asInvoker' uiAccess='false'" /manifest:embed /DEBUG /PDB:"F:\work\mydemo\MYprojectdemo\x64\Debug\MYprojectdemo001.pdb" /TLBID:1 /DYNAMICBASE /NXCOMPAT /IMPLIB:"F:\work\mydemo\MYprojectdemo\x64\Debug\MYprojectdemo001.lib" /MACHINE:X64 "x64\Debug\k-means.obj"
         x64\Debug\main.obj
         x64\Debug\Hist.obj
         x64\Debug\Image.obj
         x64\Debug\ImageInfo.obj
         x64\Debug\mainx.obj
         x64\Debug\opsFile.obj
         x64\Debug\tmpmatch.obj
         x64\Debug\toushi.obj
     1>opencv_core249.lib(opencv_core249.dll) : fatal error LNK1112: 模块计算机类型“X86”与目标计算机类型“x64”冲突
     1>已完成生成项目“F:\work\mydemo\MYprojectdemo\MYprojectdemo\MYprojectdemo.vcxproj”(Build 个目标)的操作 - 失败。

生成失败。

已用时间 00:00:02.05
