f:\work\mydemo\myprojectdemo\myprojectdemo\x64\debug\vc120.pdb
f:\work\mydemo\myprojectdemo\myprojectdemo\x64\debug\vc120.idb
f:\work\mydemo\myprojectdemo\myprojectdemo\x64\debug\k-means.obj
f:\work\mydemo\myprojectdemo\myprojectdemo\x64\debug\main.obj
f:\work\mydemo\myprojectdemo\myprojectdemo\x64\debug\hist.obj
f:\work\mydemo\myprojectdemo\myprojectdemo\x64\debug\image.obj
f:\work\mydemo\myprojectdemo\myprojectdemo\x64\debug\imageinfo.obj
f:\work\mydemo\myprojectdemo\myprojectdemo\x64\debug\mainx.obj
f:\work\mydemo\myprojectdemo\myprojectdemo\x64\debug\opsfile.obj
f:\work\mydemo\myprojectdemo\myprojectdemo\x64\debug\tmpmatch.obj
f:\work\mydemo\myprojectdemo\myprojectdemo\x64\debug\toushi.obj
f:\work\mydemo\myprojectdemo\x64\debug\myprojectdemo001.ilk
f:\work\mydemo\myprojectdemo\x64\debug\myprojectdemo001.exe
f:\work\mydemo\myprojectdemo\x64\debug\myprojectdemo001.pdb
f:\work\mydemo\myprojectdemo\myprojectdemo\x64\debug\myprojectdemo001.tlog\cl.command.1.tlog
f:\work\mydemo\myprojectdemo\myprojectdemo\x64\debug\myprojectdemo001.tlog\cl.read.1.tlog
f:\work\mydemo\myprojectdemo\myprojectdemo\x64\debug\myprojectdemo001.tlog\cl.write.1.tlog
f:\work\mydemo\myprojectdemo\myprojectdemo\x64\debug\myprojectdemo001.tlog\link.command.1.tlog
f:\work\mydemo\myprojectdemo\myprojectdemo\x64\debug\myprojectdemo001.tlog\link.read.1.tlog
f:\work\mydemo\myprojectdemo\myprojectdemo\x64\debug\myprojectdemo001.tlog\link.write.1.tlog
